[INFO ] 2022-06-15 15:36:59.994 [main] SwagLabs - url open
[INFO ] 2022-06-15 19:20:37.644 [main] SwagLabs - url open
[INFO ] 2022-06-15 19:20:38.162 [main] SwagLabs - Clicked on login Button
[INFO ] 2022-06-15 19:31:56.069 [main] SwagLabs - url open
[INFO ] 2022-06-15 19:32:44.415 [main] SwagLabs - url open
[INFO ] 2022-06-15 19:32:45.006 [main] SwagLabs - Clicked on login Button
[INFO ] 2022-06-15 20:44:45.865 [main] SwagLabs - url open
[INFO ] 2022-06-15 20:44:46.452 [main] SwagLabs - Clicked on login Button
[INFO ] 2022-06-15 20:46:35.824 [main] SwagLabs - url open
[INFO ] 2022-06-15 20:46:36.419 [main] SwagLabs - Clicked on login Button
[INFO ] 2022-06-15 20:56:46.072 [main] SwagLabs - url open
[INFO ] 2022-06-15 20:56:46.638 [main] SwagLabs - Clicked on login Button
[INFO ] 2022-06-15 20:59:31.199 [main] SwagLabs - url open
[INFO ] 2022-06-15 20:59:31.708 [main] SwagLabs - Clicked on login Button
[INFO ] 2022-06-16 19:11:46.572 [main] SwagLabs - url open
[INFO ] 2022-06-16 19:11:46.917 [main] SwagLabs - Clicked on login Button
[INFO ] 2022-06-16 19:14:56.196 [main] SwagLabs - url open
[INFO ] 2022-06-16 19:14:56.582 [main] SwagLabs - Clicked on login Button
[INFO ] 2022-06-16 19:22:21.626 [main] SwagLabs - url open
[INFO ] 2022-06-16 19:22:21.989 [main] SwagLabs - Clicked on login Button
[INFO ] 2022-06-16 19:30:21.387 [main] SwagLabs - url open
[INFO ] 2022-06-16 19:30:21.664 [main] SwagLabs - Clicked on login Button
[INFO ] 2022-06-16 19:44:19.241 [main] SwagLabs - url open
[INFO ] 2022-06-16 19:44:19.608 [main] SwagLabs - Clicked on login Button
[INFO ] 2022-06-16 19:47:48.041 [main] SwagLabs - url open
[INFO ] 2022-06-16 19:47:48.358 [main] SwagLabs - Clicked on login Button
[INFO ] 2022-06-16 20:00:57.784 [main] SwagLabs - url open
[INFO ] 2022-06-16 20:00:58.391 [main] SwagLabs - Clicked on login Button
[INFO ] 2022-06-16 20:05:41.125 [main] SwagLabs - url open
[INFO ] 2022-06-16 20:05:41.419 [main] SwagLabs - Clicked on login Button
[INFO ] 2022-06-16 20:20:53.748 [main] SwagLabs - url open
[INFO ] 2022-06-16 20:20:54.003 [main] SwagLabs - Clicked on login Button
[INFO ] 2022-06-16 20:21:49.525 [main] SwagLabs - url open
[INFO ] 2022-06-16 20:21:49.872 [main] SwagLabs - Clicked on login Button
[INFO ] 2022-06-16 20:29:37.541 [main] SwagLabs - url open
[INFO ] 2022-06-16 20:29:37.808 [main] SwagLabs - Clicked on login Button
[INFO ] 2022-06-16 20:40:49.935 [main] SwagLabs - url open
[INFO ] 2022-06-16 20:40:50.320 [main] SwagLabs - Clicked on login Button
[INFO ] 2022-06-16 21:02:38.491 [main] SwagLabs - url open
[INFO ] 2022-06-16 21:02:38.802 [main] SwagLabs - Clicked on login Button
[INFO ] 2022-06-16 21:48:08.498 [main] SwagLabs - url open
[INFO ] 2022-06-16 21:48:08.796 [main] SwagLabs - Clicked on login Button
[INFO ] 2022-06-17 09:43:57.582 [main] SwagLabs - url open
[INFO ] 2022-06-17 09:43:57.930 [main] SwagLabs - Clicked on login Button
[INFO ] 2022-06-17 09:43:58.218 [main] SwagLabs - AddToCart successfully
[INFO ] 2022-06-17 09:43:58.459 [main] SwagLabs - Sorting Functionality is working properly and item has been arranged as requested
[INFO ] 2022-06-17 09:44:34.557 [main] SwagLabs - clicked on Linkdin button
[INFO ] 2022-06-29 14:01:46.733 [main] SwagLabs - url open
[INFO ] 2022-06-29 14:01:47.093 [main] SwagLabs - Clicked on login Button
[INFO ] 2022-06-29 14:01:47.500 [main] SwagLabs - AddToCart successfully
[INFO ] 2022-06-29 14:01:47.783 [main] SwagLabs - Sorting Functionality is working properly and item has been arranged as requested
[INFO ] 2022-06-29 14:01:49.925 [main] SwagLabs - clicked on Linkdin button
